<?xml version="1.0" encoding="UTF-8"?>
<testsuite xmlns:xsi="http://www.w3.org/2001/XMLSchema-instance" xsi:noNamespaceSchemaLocation="https://maven.apache.org/surefire/maven-surefire-plugin/xsd/surefire-test-report-3.0.xsd" version="3.0" name="com.Journal.LearningJournal.LearningJournalApplicationTests" time="3.38" tests="1" errors="0" skipped="0" failures="0">
  <properties>
[...]
</properties>
  <testcase name="contextLoads" classname="com.Journal.LearningJournal.LearningJournalApplicationTests" time="0.423">
    <system-out><![CDATA[12:55:39.345 [main] INFO org.springframework.test.context.support.AnnotationConfigContextLoaderUtils -- Could not detect default configuration classes for test class [com.Journal.LearningJournal.LearningJournalApplicationTests]: LearningJournalApplicationTests does not declare any static, non-private, non-final, nested classes annotated with @Configuration.
12:55:39.396 [main] INFO org.springframework.boot.test.context.SpringBootTestContextBootstrapper -- Found @SpringBootConfiguration com.Journal.LearningJournal.LearningJournalApplication for test class com.Journal.LearningJournal.LearningJournalApplicationTests

  .   ____          _            __ _ _
 /\\ / ___'_ __ _ _(_)_ __  __ _ \ \ \ \
( ( )\___ | '_ | '_| | '_ \/ _` | \ \ \ \
 \\/  ___)| |_)| | | | | || (_| |  ) ) ) )
  '  |____| .__|_| |_|_| |_\__, | / / / /
 =========|_|==============|___/=/_/_/_/

 :: Spring Boot ::                (v3.3.3)

2024-09-18T12:55:39.621+02:00  INFO 61882 --- [           main] c.J.L.LearningJournalApplicationTests    : Starting LearningJournalApplicationTests using Java 21.0.4 with PID 61882 (started by jakubwaclawowicz in /home/jakubwaclawowicz/Schreibtisch/IntelliJ/CodeCrafter/LearningJournal)
2024-09-18T12:55:39.622+02:00  INFO 61882 --- [           main] c.J.L.LearningJournalApplicationTests    : No active profile set, falling back to 1 default profile: "default"
2024-09-18T12:55:40.003+02:00  INFO 61882 --- [           main] .s.d.r.c.RepositoryConfigurationDelegate : Bootstrapping Spring Data JPA repositories in DEFAULT mode.
2024-09-18T12:55:40.014+02:00  INFO 61882 --- [           main] .s.d.r.c.RepositoryConfigurationDelegate : Finished Spring Data repository scanning in 6 ms. Found 0 JPA repository interfaces.
2024-09-18T12:55:40.304+02:00  INFO 61882 --- [           main] o.hibernate.jpa.internal.util.LogHelper  : HHH000204: Processing PersistenceUnitInfo [name: default]
2024-09-18T12:55:40.326+02:00  INFO 61882 --- [           main] org.hibernate.Version                    : HHH000412: Hibernate ORM core version 6.5.2.Final
2024-09-18T12:55:40.342+02:00  INFO 61882 --- [           main] o.h.c.internal.RegionFactoryInitiator    : HHH000026: Second-level cache disabled
2024-09-18T12:55:40.503+02:00  INFO 61882 --- [           main] o.s.o.j.p.SpringPersistenceUnitInfo      : No LoadTimeWeaver setup: ignoring JPA class transformer
2024-09-18T12:55:40.521+02:00  INFO 61882 --- [           main] com.zaxxer.hikari.HikariDataSource       : HikariPool-1 - Starting...
2024-09-18T12:55:41.427+02:00  INFO 61882 --- [           main] com.zaxxer.hikari.pool.HikariPool        : HikariPool-1 - Added connection org.postgresql.jdbc.PgConnection@7a2a7492
2024-09-18T12:55:41.428+02:00  INFO 61882 --- [           main] com.zaxxer.hikari.HikariDataSource       : HikariPool-1 - Start completed.
2024-09-18T12:55:41.518+02:00  WARN 61882 --- [           main] org.hibernate.orm.deprecation            : HHH90000025: PostgreSQLDialect does not need to be specified explicitly using 'hibernate.dialect' (remove the property setting and it will be selected by default)
2024-09-18T12:55:41.729+02:00  INFO 61882 --- [           main] o.h.e.t.j.p.i.JtaPlatformInitiator       : HHH000489: No JTA platform available (set 'hibernate.transaction.jta.platform' to enable JTA platform integration)
2024-09-18T12:55:41.732+02:00  INFO 61882 --- [           main] j.LocalContainerEntityManagerFactoryBean : Initialized JPA EntityManagerFactory for persistence unit 'default'
2024-09-18T12:55:41.819+02:00  WARN 61882 --- [           main] JpaBaseConfiguration$JpaWebConfiguration : spring.jpa.open-in-view is enabled by default. Therefore, database queries may be performed during view rendering. Explicitly configure spring.jpa.open-in-view to disable this warning
2024-09-18T12:55:42.009+02:00  WARN 61882 --- [           main] ion$DefaultTemplateResolverConfiguration : Cannot find template location: classpath:/templates/ (please add some templates, check your Thymeleaf configuration, or set spring.thymeleaf.check-template-location=false)
2024-09-18T12:55:42.076+02:00  WARN 61882 --- [           main] .s.s.UserDetailsServiceAutoConfiguration : 

Using generated security password: 1679bfcb-53ad-4e86-9a92-ae73fd6fba35

This generated password is for development use only. Your security configuration must be updated before running your application in production.

2024-09-18T12:55:42.084+02:00  INFO 61882 --- [           main] r$InitializeUserDetailsManagerConfigurer : Global AuthenticationManager configured with UserDetailsService bean with name inMemoryUserDetailsManager
2024-09-18T12:55:42.180+02:00  INFO 61882 --- [           main] c.J.L.LearningJournalApplicationTests    : Started LearningJournalApplicationTests in 2.715 seconds (process running for 3.253)
]]></system-out>
    <system-err><![CDATA[WARNING: A Java agent has been loaded dynamically (/home/jakubwaclawowicz/.m2/repository/net/bytebuddy/byte-buddy-agent/1.14.19/byte-buddy-agent-1.14.19.jar)
WARNING: If a serviceability tool is in use, please run with -XX:+EnableDynamicAgentLoading to hide this warning
WARNING: If a serviceability tool is not in use, please run with -Djdk.instrument.traceUsage for more information
WARNING: Dynamic loading of agents will be disallowed by default in a future release
]]></system-err>
  </testcase>
</testsuite>